Started GET "/" for ::1 at 2017-09-05 18:08:42 -0400
  
PG::ConnectionBad (could not connect to server: No such file or directory
	Is the server running locally and accepting
	connections on Unix domain socket "/tmp/.s.PGSQL.5432"?
):
  
activerecord (5.0.1) lib/active_record/connection_adapters/postgresql_adapter.rb:671:in `initialize'
activerecord (5.0.1) lib/active_record/connection_adapters/postgresql_adapter.rb:671:in `new'
activerecord (5.0.1) lib/active_record/connection_adapters/postgresql_adapter.rb:671:in `connect'
activerecord (5.0.1) lib/active_record/connection_adapters/postgresql_adapter.rb:217:in `initialize'
activerecord (5.0.1) lib/active_record/connection_adapters/postgresql_adapter.rb:37:in `new'
activerecord (5.0.1) lib/active_record/connection_adapters/postgresql_adapter.rb:37:in `postgresql_connection'
activerecord (5.0.1) lib/active_record/connection_adapters/abstract/connection_pool.rb:729:in `new_connection'
activerecord (5.0.1) lib/active_record/connection_adapters/abstract/connection_pool.rb:773:in `checkout_new_connection'
activerecord (5.0.1) lib/active_record/connection_adapters/abstract/connection_pool.rb:752:in `try_to_checkout_new_connection'
activerecord (5.0.1) lib/active_record/connection_adapters/abstract/connection_pool.rb:713:in `acquire_connection'
activerecord (5.0.1) lib/active_record/connection_adapters/abstract/connection_pool.rb:490:in `checkout'
activerecord (5.0.1) lib/active_record/connection_adapters/abstract/connection_pool.rb:364:in `connection'
activerecord (5.0.1) lib/active_record/connection_adapters/abstract/connection_pool.rb:883:in `retrieve_connection'
activerecord (5.0.1) lib/active_record/connection_handling.rb:128:in `retrieve_connection'
activerecord (5.0.1) lib/active_record/connection_handling.rb:91:in `connection'
activerecord (5.0.1) lib/active_record/migration.rb:559:in `connection'
activerecord (5.0.1) lib/active_record/migration.rb:546:in `call'
actionpack (5.0.1) lib/action_dispatch/middleware/callbacks.rb:38:in `block in call'
activesupport (5.0.1) lib/active_support/callbacks.rb:97:in `__run_callbacks__'
activesupport (5.0.1) lib/active_support/callbacks.rb:750:in `_run_call_callbacks'
activesupport (5.0.1) lib/active_support/callbacks.rb:90:in `run_callbacks'
actionpack (5.0.1) lib/action_dispatch/middleware/callbacks.rb:36:in `call'
actionpack (5.0.1) lib/action_dispatch/middleware/executor.rb:12:in `call'
actionpack (5.0.1) lib/action_dispatch/middleware/remote_ip.rb:79:in `call'
actionpack (5.0.1) lib/action_dispatch/middleware/debug_exceptions.rb:49:in `call'
web-console (3.4.0) lib/web_console/middleware.rb:135:in `call_app'
web-console (3.4.0) lib/web_console/middleware.rb:28:in `block in call'
web-console (3.4.0) lib/web_console/middleware.rb:18:in `catch'
web-console (3.4.0) lib/web_console/middleware.rb:18:in `call'
actionpack (5.0.1) lib/action_dispatch/middleware/show_exceptions.rb:31:in `call'
railties (5.0.1) lib/rails/rack/logger.rb:36:in `call_app'
railties (5.0.1) lib/rails/rack/logger.rb:24:in `block in call'
activesupport (5.0.1) lib/active_support/tagged_logging.rb:69:in `block in tagged'
activesupport (5.0.1) lib/active_support/tagged_logging.rb:26:in `tagged'
activesupport (5.0.1) lib/active_support/tagged_logging.rb:69:in `tagged'
railties (5.0.1) lib/rails/rack/logger.rb:24:in `call'
sprockets-rails (3.2.0) lib/sprockets/rails/quiet_assets.rb:13:in `call'
actionpack (5.0.1) lib/action_dispatch/middleware/request_id.rb:24:in `call'
rack (2.0.1) lib/rack/method_override.rb:22:in `call'
rack (2.0.1) lib/rack/runtime.rb:22:in `call'
activesupport (5.0.1) lib/active_support/cache/strategy/local_cache_middleware.rb:28:in `call'
actionpack (5.0.1) lib/action_dispatch/middleware/executor.rb:12:in `call'
actionpack (5.0.1) lib/action_dispatch/middleware/static.rb:136:in `call'
rack (2.0.1) lib/rack/sendfile.rb:111:in `call'
railties (5.0.1) lib/rails/engine.rb:522:in `call'
puma (3.6.2) lib/puma/configuration.rb:225:in `call'
puma (3.6.2) lib/puma/server.rb:578:in `handle_request'
puma (3.6.2) lib/puma/server.rb:415:in `process_client'
puma (3.6.2) lib/puma/server.rb:275:in `block in run'
puma (3.6.2) lib/puma/thread_pool.rb:116:in `block in spawn_thread'
  Rendering /Users/dorji/.rvm/gems/ruby-2.4.1@global/gems/actionpack-5.0.1/lib/action_dispatch/middleware/templates/rescues/diagnostics.html.erb within rescues/layout
  Rendering /Users/dorji/.rvm/gems/ruby-2.4.1@global/gems/actionpack-5.0.1/lib/action_dispatch/middleware/templates/rescues/_source.html.erb
  Rendered /Users/dorji/.rvm/gems/ruby-2.4.1@global/gems/actionpack-5.0.1/lib/action_dispatch/middleware/templates/rescues/_source.html.erb (5.8ms)
  Rendering /Users/dorji/.rvm/gems/ruby-2.4.1@global/gems/actionpack-5.0.1/lib/action_dispatch/middleware/templates/rescues/_trace.html.erb
  Rendered /Users/dorji/.rvm/gems/ruby-2.4.1@global/gems/actionpack-5.0.1/lib/action_dispatch/middleware/templates/rescues/_trace.html.erb (1.8ms)
  Rendering /Users/dorji/.rvm/gems/ruby-2.4.1@global/gems/actionpack-5.0.1/lib/action_dispatch/middleware/templates/rescues/_request_and_response.html.erb
  Rendered /Users/dorji/.rvm/gems/ruby-2.4.1@global/gems/actionpack-5.0.1/lib/action_dispatch/middleware/templates/rescues/_request_and_response.html.erb (0.8ms)
  Rendered /Users/dorji/.rvm/gems/ruby-2.4.1@global/gems/actionpack-5.0.1/lib/action_dispatch/middleware/templates/rescues/diagnostics.html.erb within rescues/layout (111.9ms)
Started GET "/" for ::1 at 2017-09-05 18:12:10 -0400
  
ActiveRecord::NoDatabaseError (FATAL:  database "adventurious-tour_development" does not exist
):
  
activerecord (5.0.1) lib/active_record/connection_adapters/postgresql_adapter.rb:675:in `rescue in connect'
activerecord (5.0.1) lib/active_record/connection_adapters/postgresql_adapter.rb:671:in `connect'
activerecord (5.0.1) lib/active_record/connection_adapters/postgresql_adapter.rb:217:in `initialize'
activerecord (5.0.1) lib/active_record/connection_adapters/postgresql_adapter.rb:37:in `new'
activerecord (5.0.1) lib/active_record/connection_adapters/postgresql_adapter.rb:37:in `postgresql_connection'
activerecord (5.0.1) lib/active_record/connection_adapters/abstract/connection_pool.rb:729:in `new_connection'
activerecord (5.0.1) lib/active_record/connection_adapters/abstract/connection_pool.rb:773:in `checkout_new_connection'
activerecord (5.0.1) lib/active_record/connection_adapters/abstract/connection_pool.rb:752:in `try_to_checkout_new_connection'
activerecord (5.0.1) lib/active_record/connection_adapters/abstract/connection_pool.rb:713:in `acquire_connection'
activerecord (5.0.1) lib/active_record/connection_adapters/abstract/connection_pool.rb:490:in `checkout'
activerecord (5.0.1) lib/active_record/connection_adapters/abstract/connection_pool.rb:364:in `connection'
activerecord (5.0.1) lib/active_record/connection_adapters/abstract/connection_pool.rb:883:in `retrieve_connection'
activerecord (5.0.1) lib/active_record/connection_handling.rb:128:in `retrieve_connection'
activerecord (5.0.1) lib/active_record/connection_handling.rb:91:in `connection'
activerecord (5.0.1) lib/active_record/migration.rb:559:in `connection'
activerecord (5.0.1) lib/active_record/migration.rb:546:in `call'
actionpack (5.0.1) lib/action_dispatch/middleware/callbacks.rb:38:in `block in call'
activesupport (5.0.1) lib/active_support/callbacks.rb:97:in `__run_callbacks__'
activesupport (5.0.1) lib/active_support/callbacks.rb:750:in `_run_call_callbacks'
activesupport (5.0.1) lib/active_support/callbacks.rb:90:in `run_callbacks'
actionpack (5.0.1) lib/action_dispatch/middleware/callbacks.rb:36:in `call'
actionpack (5.0.1) lib/action_dispatch/middleware/executor.rb:12:in `call'
actionpack (5.0.1) lib/action_dispatch/middleware/remote_ip.rb:79:in `call'
actionpack (5.0.1) lib/action_dispatch/middleware/debug_exceptions.rb:49:in `call'
web-console (3.4.0) lib/web_console/middleware.rb:135:in `call_app'
web-console (3.4.0) lib/web_console/middleware.rb:28:in `block in call'
web-console (3.4.0) lib/web_console/middleware.rb:18:in `catch'
web-console (3.4.0) lib/web_console/middleware.rb:18:in `call'
actionpack (5.0.1) lib/action_dispatch/middleware/show_exceptions.rb:31:in `call'
railties (5.0.1) lib/rails/rack/logger.rb:36:in `call_app'
railties (5.0.1) lib/rails/rack/logger.rb:24:in `block in call'
activesupport (5.0.1) lib/active_support/tagged_logging.rb:69:in `block in tagged'
activesupport (5.0.1) lib/active_support/tagged_logging.rb:26:in `tagged'
activesupport (5.0.1) lib/active_support/tagged_logging.rb:69:in `tagged'
railties (5.0.1) lib/rails/rack/logger.rb:24:in `call'
sprockets-rails (3.2.0) lib/sprockets/rails/quiet_assets.rb:13:in `call'
actionpack (5.0.1) lib/action_dispatch/middleware/request_id.rb:24:in `call'
rack (2.0.1) lib/rack/method_override.rb:22:in `call'
rack (2.0.1) lib/rack/runtime.rb:22:in `call'
activesupport (5.0.1) lib/active_support/cache/strategy/local_cache_middleware.rb:28:in `call'
actionpack (5.0.1) lib/action_dispatch/middleware/executor.rb:12:in `call'
actionpack (5.0.1) lib/action_dispatch/middleware/static.rb:136:in `call'
rack (2.0.1) lib/rack/sendfile.rb:111:in `call'
railties (5.0.1) lib/rails/engine.rb:522:in `call'
puma (3.6.2) lib/puma/configuration.rb:225:in `call'
puma (3.6.2) lib/puma/server.rb:578:in `handle_request'
puma (3.6.2) lib/puma/server.rb:415:in `process_client'
puma (3.6.2) lib/puma/server.rb:275:in `block in run'
puma (3.6.2) lib/puma/thread_pool.rb:116:in `block in spawn_thread'
  Rendering /Users/dorji/.rvm/gems/ruby-2.4.1@global/gems/actionpack-5.0.1/lib/action_dispatch/middleware/templates/rescues/diagnostics.html.erb within rescues/layout
  Rendering /Users/dorji/.rvm/gems/ruby-2.4.1@global/gems/actionpack-5.0.1/lib/action_dispatch/middleware/templates/rescues/_source.html.erb
  Rendered /Users/dorji/.rvm/gems/ruby-2.4.1@global/gems/actionpack-5.0.1/lib/action_dispatch/middleware/templates/rescues/_source.html.erb (25.3ms)
  Rendering /Users/dorji/.rvm/gems/ruby-2.4.1@global/gems/actionpack-5.0.1/lib/action_dispatch/middleware/templates/rescues/_trace.html.erb
  Rendered /Users/dorji/.rvm/gems/ruby-2.4.1@global/gems/actionpack-5.0.1/lib/action_dispatch/middleware/templates/rescues/_trace.html.erb (6.5ms)
  Rendering /Users/dorji/.rvm/gems/ruby-2.4.1@global/gems/actionpack-5.0.1/lib/action_dispatch/middleware/templates/rescues/_request_and_response.html.erb
  Rendered /Users/dorji/.rvm/gems/ruby-2.4.1@global/gems/actionpack-5.0.1/lib/action_dispatch/middleware/templates/rescues/_request_and_response.html.erb (2.4ms)
  Rendered /Users/dorji/.rvm/gems/ruby-2.4.1@global/gems/actionpack-5.0.1/lib/action_dispatch/middleware/templates/rescues/diagnostics.html.erb within rescues/layout (125.6ms)
DEPRECATION WARNING: #original_exception is deprecated. Use #cause instead. (called from status_code_with_paginate at /Users/dorji/.rvm/gems/ruby-2.4.1@rails5.0.1/gems/will_paginate-3.1.0/lib/will_paginate/railtie.rb:49)
Started GET "/" for ::1 at 2017-09-05 18:12:14 -0400
  
ActiveRecord::NoDatabaseError (FATAL:  database "adventurious-tour_development" does not exist
):
  
activerecord (5.0.1) lib/active_record/connection_adapters/postgresql_adapter.rb:675:in `rescue in connect'
activerecord (5.0.1) lib/active_record/connection_adapters/postgresql_adapter.rb:671:in `connect'
activerecord (5.0.1) lib/active_record/connection_adapters/postgresql_adapter.rb:217:in `initialize'
activerecord (5.0.1) lib/active_record/connection_adapters/postgresql_adapter.rb:37:in `new'
activerecord (5.0.1) lib/active_record/connection_adapters/postgresql_adapter.rb:37:in `postgresql_connection'
activerecord (5.0.1) lib/active_record/connection_adapters/abstract/connection_pool.rb:729:in `new_connection'
activerecord (5.0.1) lib/active_record/connection_adapters/abstract/connection_pool.rb:773:in `checkout_new_connection'
activerecord (5.0.1) lib/active_record/connection_adapters/abstract/connection_pool.rb:752:in `try_to_checkout_new_connection'
activerecord (5.0.1) lib/active_record/connection_adapters/abstract/connection_pool.rb:713:in `acquire_connection'
activerecord (5.0.1) lib/active_record/connection_adapters/abstract/connection_pool.rb:490:in `checkout'
activerecord (5.0.1) lib/active_record/connection_adapters/abstract/connection_pool.rb:364:in `connection'
activerecord (5.0.1) lib/active_record/connection_adapters/abstract/connection_pool.rb:883:in `retrieve_connection'
activerecord (5.0.1) lib/active_record/connection_handling.rb:128:in `retrieve_connection'
activerecord (5.0.1) lib/active_record/connection_handling.rb:91:in `connection'
activerecord (5.0.1) lib/active_record/migration.rb:559:in `connection'
activerecord (5.0.1) lib/active_record/migration.rb:546:in `call'
actionpack (5.0.1) lib/action_dispatch/middleware/callbacks.rb:38:in `block in call'
activesupport (5.0.1) lib/active_support/callbacks.rb:97:in `__run_callbacks__'
activesupport (5.0.1) lib/active_support/callbacks.rb:750:in `_run_call_callbacks'
activesupport (5.0.1) lib/active_support/callbacks.rb:90:in `run_callbacks'
actionpack (5.0.1) lib/action_dispatch/middleware/callbacks.rb:36:in `call'
actionpack (5.0.1) lib/action_dispatch/middleware/executor.rb:12:in `call'
actionpack (5.0.1) lib/action_dispatch/middleware/remote_ip.rb:79:in `call'
actionpack (5.0.1) lib/action_dispatch/middleware/debug_exceptions.rb:49:in `call'
web-console (3.4.0) lib/web_console/middleware.rb:135:in `call_app'
web-console (3.4.0) lib/web_console/middleware.rb:28:in `block in call'
web-console (3.4.0) lib/web_console/middleware.rb:18:in `catch'
web-console (3.4.0) lib/web_console/middleware.rb:18:in `call'
actionpack (5.0.1) lib/action_dispatch/middleware/show_exceptions.rb:31:in `call'
railties (5.0.1) lib/rails/rack/logger.rb:36:in `call_app'
railties (5.0.1) lib/rails/rack/logger.rb:24:in `block in call'
activesupport (5.0.1) lib/active_support/tagged_logging.rb:69:in `block in tagged'
activesupport (5.0.1) lib/active_support/tagged_logging.rb:26:in `tagged'
activesupport (5.0.1) lib/active_support/tagged_logging.rb:69:in `tagged'
railties (5.0.1) lib/rails/rack/logger.rb:24:in `call'
sprockets-rails (3.2.0) lib/sprockets/rails/quiet_assets.rb:13:in `call'
actionpack (5.0.1) lib/action_dispatch/middleware/request_id.rb:24:in `call'
rack (2.0.1) lib/rack/method_override.rb:22:in `call'
rack (2.0.1) lib/rack/runtime.rb:22:in `call'
activesupport (5.0.1) lib/active_support/cache/strategy/local_cache_middleware.rb:28:in `call'
actionpack (5.0.1) lib/action_dispatch/middleware/executor.rb:12:in `call'
actionpack (5.0.1) lib/action_dispatch/middleware/static.rb:136:in `call'
rack (2.0.1) lib/rack/sendfile.rb:111:in `call'
railties (5.0.1) lib/rails/engine.rb:522:in `call'
puma (3.6.2) lib/puma/configuration.rb:225:in `call'
puma (3.6.2) lib/puma/server.rb:578:in `handle_request'
puma (3.6.2) lib/puma/server.rb:415:in `process_client'
puma (3.6.2) lib/puma/server.rb:275:in `block in run'
puma (3.6.2) lib/puma/thread_pool.rb:116:in `block in spawn_thread'
  Rendering /Users/dorji/.rvm/gems/ruby-2.4.1@global/gems/actionpack-5.0.1/lib/action_dispatch/middleware/templates/rescues/diagnostics.html.erb within rescues/layout
  Rendering /Users/dorji/.rvm/gems/ruby-2.4.1@global/gems/actionpack-5.0.1/lib/action_dispatch/middleware/templates/rescues/_source.html.erb
  Rendered /Users/dorji/.rvm/gems/ruby-2.4.1@global/gems/actionpack-5.0.1/lib/action_dispatch/middleware/templates/rescues/_source.html.erb (19.6ms)
  Rendering /Users/dorji/.rvm/gems/ruby-2.4.1@global/gems/actionpack-5.0.1/lib/action_dispatch/middleware/templates/rescues/_trace.html.erb
  Rendered /Users/dorji/.rvm/gems/ruby-2.4.1@global/gems/actionpack-5.0.1/lib/action_dispatch/middleware/templates/rescues/_trace.html.erb (1.5ms)
  Rendering /Users/dorji/.rvm/gems/ruby-2.4.1@global/gems/actionpack-5.0.1/lib/action_dispatch/middleware/templates/rescues/_request_and_response.html.erb
  Rendered /Users/dorji/.rvm/gems/ruby-2.4.1@global/gems/actionpack-5.0.1/lib/action_dispatch/middleware/templates/rescues/_request_and_response.html.erb (0.8ms)
  Rendered /Users/dorji/.rvm/gems/ruby-2.4.1@global/gems/actionpack-5.0.1/lib/action_dispatch/middleware/templates/rescues/diagnostics.html.erb within rescues/layout (93.5ms)
DEPRECATION WARNING: #original_exception is deprecated. Use #cause instead. (called from status_code_with_paginate at /Users/dorji/.rvm/gems/ruby-2.4.1@rails5.0.1/gems/will_paginate-3.1.0/lib/will_paginate/railtie.rb:49)
  [1m[35m (11.8ms)[0m  [1m[35mCREATE TABLE "schema_migrations" ("version" character varying PRIMARY KEY)[0m
  [1m[35m (10.3ms)[0m  [1m[35mCREATE TABLE "ar_internal_metadata" ("key" character varying PRIMARY KEY, "value" character varying, "created_at" timestamp NOT NULL, "updated_at" timestamp NOT NULL)[0m
  [1m[35m (0.3ms)[0m  [1m[34mSELECT pg_try_advisory_lock(5867809859269733340);[0m
  [1m[36mActiveRecord::SchemaMigration Load (0.5ms)[0m  [1m[34mSELECT "schema_migrations".* FROM "schema_migrations"[0m
Migrating to CreateNotifications (20170111123706)
  [1m[35m (0.1ms)[0m  [1m[35mBEGIN[0m
  [1m[35m (9.4ms)[0m  [1m[35mCREATE TABLE "notifications" ("id" serial primary key, "title" character varying, "notice" text, "date" timestamp, "created_at" timestamp NOT NULL, "updated_at" timestamp NOT NULL)[0m
  [1m[35mSQL (0.4ms)[0m  [1m[32mINSERT INTO "schema_migrations" ("version") VALUES ($1) RETURNING "version"[0m  [["version", "20170111123706"]]
  [1m[35m (0.3ms)[0m  [1m[35mCOMMIT[0m
Migrating to CreateDocuments (20170117195213)
  [1m[35m (3.6ms)[0m  [1m[35mBEGIN[0m
  [1m[35m (9.5ms)[0m  [1m[35mCREATE TABLE "documents" ("id" serial primary key, "documentable_type" character varying, "documentable_id" integer, "created_at" timestamp NOT NULL, "updated_at" timestamp NOT NULL)[0m
  [1m[35m (6.1ms)[0m  [1m[35mCREATE  INDEX  "index_documents_on_documentable_type_and_documentable_id" ON "documents"  ("documentable_type", "documentable_id")[0m
  [1m[35mSQL (0.3ms)[0m  [1m[32mINSERT INTO "schema_migrations" ("version") VALUES ($1) RETURNING "version"[0m  [["version", "20170117195213"]]
  [1m[35m (0.5ms)[0m  [1m[35mCOMMIT[0m
Migrating to CreateGalleries (20170117195540)
  [1m[35m (6.5ms)[0m  [1m[35mBEGIN[0m
  [1m[35m (14.9ms)[0m  [1m[35mCREATE TABLE "galleries" ("id" serial primary key, "title" character varying, "notes" text, "created_at" timestamp NOT NULL, "updated_at" timestamp NOT NULL)[0m
  [1m[35mSQL (0.2ms)[0m  [1m[32mINSERT INTO "schema_migrations" ("version") VALUES ($1) RETURNING "version"[0m  [["version", "20170117195540"]]
  [1m[35m (0.4ms)[0m  [1m[35mCOMMIT[0m
Migrating to AddAttachmentImageToDocuments (20170514174104)
  [1m[35m (3.4ms)[0m  [1m[35mBEGIN[0m
DEPRECATION WARNING: Directly inheriting from ActiveRecord::Migration is deprecated. Please specify the Rails release the migration was written for:

  class AddAttachmentImageToDocuments < ActiveRecord::Migration[4.2] (called from block in execute_migration_in_transaction at /Users/dorji/.rvm/gems/ruby-2.4.1@global/gems/activerecord-5.0.1/lib/active_record/migration.rb:1212)
  [1m[35m (0.4ms)[0m  [1m[35mALTER TABLE "documents" ADD "image_file_name" character varying[0m
  [1m[35m (0.2ms)[0m  [1m[35mALTER TABLE "documents" ADD "image_content_type" character varying[0m
  [1m[35m (0.2ms)[0m  [1m[35mALTER TABLE "documents" ADD "image_file_size" integer[0m
  [1m[35m (0.1ms)[0m  [1m[35mALTER TABLE "documents" ADD "image_updated_at" timestamp[0m
  [1m[35mSQL (0.3ms)[0m  [1m[32mINSERT INTO "schema_migrations" ("version") VALUES ($1) RETURNING "version"[0m  [["version", "20170514174104"]]
  [1m[35m (0.4ms)[0m  [1m[35mCOMMIT[0m
Migrating to DeviseCreateUsers (20170604080650)
  [1m[35m (0.1ms)[0m  [1m[35mBEGIN[0m
  [1m[35m (11.3ms)[0m  [1m[35mCREATE TABLE "users" ("id" serial primary key, "email" character varying DEFAULT '' NOT NULL, "encrypted_password" character varying DEFAULT '' NOT NULL, "reset_password_token" character varying, "reset_password_sent_at" timestamp, "remember_created_at" timestamp, "sign_in_count" integer DEFAULT 0 NOT NULL, "current_sign_in_at" timestamp, "last_sign_in_at" timestamp, "current_sign_in_ip" inet, "last_sign_in_ip" inet, "created_at" timestamp NOT NULL, "updated_at" timestamp NOT NULL)[0m
  [1m[35m (7.9ms)[0m  [1m[35mCREATE UNIQUE INDEX  "index_users_on_email" ON "users"  ("email")[0m
  [1m[35m (6.1ms)[0m  [1m[35mCREATE UNIQUE INDEX  "index_users_on_reset_password_token" ON "users"  ("reset_password_token")[0m
  [1m[35mSQL (0.9ms)[0m  [1m[32mINSERT INTO "schema_migrations" ("version") VALUES ($1) RETURNING "version"[0m  [["version", "20170604080650"]]
  [1m[35m (0.9ms)[0m  [1m[35mCOMMIT[0m
Migrating to CreateContacts (20170605065148)
  [1m[35m (3.4ms)[0m  [1m[35mBEGIN[0m
  [1m[35m (9.3ms)[0m  [1m[35mCREATE TABLE "contacts" ("id" serial primary key, "name" character varying, "email" character varying, "subject" character varying, "message" text, "created_at" timestamp NOT NULL, "updated_at" timestamp NOT NULL)[0m
  [1m[35mSQL (0.3ms)[0m  [1m[32mINSERT INTO "schema_migrations" ("version") VALUES ($1) RETURNING "version"[0m  [["version", "20170605065148"]]
  [1m[35m (0.4ms)[0m  [1m[35mCOMMIT[0m
Migrating to AddTokenToUser (20170608171859)
  [1m[35m (5.4ms)[0m  [1m[35mBEGIN[0m
  [1m[35m (0.4ms)[0m  [1m[35mALTER TABLE "users" ADD "token" character varying[0m
  [1m[35m (7.1ms)[0m  [1m[35mCREATE  INDEX  "index_users_on_token" ON "users"  ("token")[0m
  [1m[35mSQL (0.3ms)[0m  [1m[32mINSERT INTO "schema_migrations" ("version") VALUES ($1) RETURNING "version"[0m  [["version", "20170608171859"]]
  [1m[35m (0.3ms)[0m  [1m[35mCOMMIT[0m
  [1m[36mActiveRecord::InternalMetadata Load (0.6ms)[0m  [1m[34mSELECT  "ar_internal_metadata".* FROM "ar_internal_metadata" WHERE "ar_internal_metadata"."key" = $1 LIMIT $2[0m  [["key", :environment], ["LIMIT", 1]]
  [1m[35m (0.1ms)[0m  [1m[35mBEGIN[0m
  [1m[35mSQL (1.0ms)[0m  [1m[32mINSERT INTO "ar_internal_metadata" ("key", "value", "created_at", "updated_at") VALUES ($1, $2, $3, $4) RETURNING "key"[0m  [["key", "environment"], ["value", "development"], ["created_at", 2017-09-05 22:42:47 UTC], ["updated_at", 2017-09-05 22:42:47 UTC]]
  [1m[35m (0.6ms)[0m  [1m[35mCOMMIT[0m
  [1m[35m (0.6ms)[0m  [1m[34mSELECT pg_advisory_unlock(5867809859269733340)[0m
  [1m[36mActiveRecord::SchemaMigration Load (0.2ms)[0m  [1m[34mSELECT "schema_migrations".* FROM "schema_migrations"[0m
Started GET "/" for ::1 at 2017-09-05 18:48:44 -0400
  
PG::ConnectionBad (could not connect to server: No such file or directory
	Is the server running locally and accepting
	connections on Unix domain socket "/tmp/.s.PGSQL.5432"?
):
  
activerecord (5.0.1) lib/active_record/connection_adapters/postgresql_adapter.rb:671:in `initialize'
activerecord (5.0.1) lib/active_record/connection_adapters/postgresql_adapter.rb:671:in `new'
activerecord (5.0.1) lib/active_record/connection_adapters/postgresql_adapter.rb:671:in `connect'
activerecord (5.0.1) lib/active_record/connection_adapters/postgresql_adapter.rb:217:in `initialize'
activerecord (5.0.1) lib/active_record/connection_adapters/postgresql_adapter.rb:37:in `new'
activerecord (5.0.1) lib/active_record/connection_adapters/postgresql_adapter.rb:37:in `postgresql_connection'
activerecord (5.0.1) lib/active_record/connection_adapters/abstract/connection_pool.rb:729:in `new_connection'
activerecord (5.0.1) lib/active_record/connection_adapters/abstract/connection_pool.rb:773:in `checkout_new_connection'
activerecord (5.0.1) lib/active_record/connection_adapters/abstract/connection_pool.rb:752:in `try_to_checkout_new_connection'
activerecord (5.0.1) lib/active_record/connection_adapters/abstract/connection_pool.rb:713:in `acquire_connection'
activerecord (5.0.1) lib/active_record/connection_adapters/abstract/connection_pool.rb:490:in `checkout'
activerecord (5.0.1) lib/active_record/connection_adapters/abstract/connection_pool.rb:364:in `connection'
activerecord (5.0.1) lib/active_record/connection_adapters/abstract/connection_pool.rb:883:in `retrieve_connection'
activerecord (5.0.1) lib/active_record/connection_handling.rb:128:in `retrieve_connection'
activerecord (5.0.1) lib/active_record/connection_handling.rb:91:in `connection'
activerecord (5.0.1) lib/active_record/migration.rb:559:in `connection'
activerecord (5.0.1) lib/active_record/migration.rb:546:in `call'
actionpack (5.0.1) lib/action_dispatch/middleware/callbacks.rb:38:in `block in call'
activesupport (5.0.1) lib/active_support/callbacks.rb:97:in `__run_callbacks__'
activesupport (5.0.1) lib/active_support/callbacks.rb:750:in `_run_call_callbacks'
activesupport (5.0.1) lib/active_support/callbacks.rb:90:in `run_callbacks'
actionpack (5.0.1) lib/action_dispatch/middleware/callbacks.rb:36:in `call'
actionpack (5.0.1) lib/action_dispatch/middleware/executor.rb:12:in `call'
actionpack (5.0.1) lib/action_dispatch/middleware/remote_ip.rb:79:in `call'
actionpack (5.0.1) lib/action_dispatch/middleware/debug_exceptions.rb:49:in `call'
web-console (3.4.0) lib/web_console/middleware.rb:135:in `call_app'
web-console (3.4.0) lib/web_console/middleware.rb:28:in `block in call'
web-console (3.4.0) lib/web_console/middleware.rb:18:in `catch'
web-console (3.4.0) lib/web_console/middleware.rb:18:in `call'
actionpack (5.0.1) lib/action_dispatch/middleware/show_exceptions.rb:31:in `call'
railties (5.0.1) lib/rails/rack/logger.rb:36:in `call_app'
railties (5.0.1) lib/rails/rack/logger.rb:24:in `block in call'
activesupport (5.0.1) lib/active_support/tagged_logging.rb:69:in `block in tagged'
activesupport (5.0.1) lib/active_support/tagged_logging.rb:26:in `tagged'
activesupport (5.0.1) lib/active_support/tagged_logging.rb:69:in `tagged'
railties (5.0.1) lib/rails/rack/logger.rb:24:in `call'
sprockets-rails (3.2.0) lib/sprockets/rails/quiet_assets.rb:13:in `call'
actionpack (5.0.1) lib/action_dispatch/middleware/request_id.rb:24:in `call'
rack (2.0.1) lib/rack/method_override.rb:22:in `call'
rack (2.0.1) lib/rack/runtime.rb:22:in `call'
activesupport (5.0.1) lib/active_support/cache/strategy/local_cache_middleware.rb:28:in `call'
actionpack (5.0.1) lib/action_dispatch/middleware/executor.rb:12:in `call'
actionpack (5.0.1) lib/action_dispatch/middleware/static.rb:136:in `call'
rack (2.0.1) lib/rack/sendfile.rb:111:in `call'
railties (5.0.1) lib/rails/engine.rb:522:in `call'
puma (3.6.2) lib/puma/configuration.rb:225:in `call'
puma (3.6.2) lib/puma/server.rb:578:in `handle_request'
puma (3.6.2) lib/puma/server.rb:415:in `process_client'
puma (3.6.2) lib/puma/server.rb:275:in `block in run'
puma (3.6.2) lib/puma/thread_pool.rb:116:in `block in spawn_thread'
  Rendering /Users/dorji/.rvm/gems/ruby-2.4.1@global/gems/actionpack-5.0.1/lib/action_dispatch/middleware/templates/rescues/diagnostics.html.erb within rescues/layout
  Rendering /Users/dorji/.rvm/gems/ruby-2.4.1@global/gems/actionpack-5.0.1/lib/action_dispatch/middleware/templates/rescues/_source.html.erb
  Rendered /Users/dorji/.rvm/gems/ruby-2.4.1@global/gems/actionpack-5.0.1/lib/action_dispatch/middleware/templates/rescues/_source.html.erb (4.8ms)
  Rendering /Users/dorji/.rvm/gems/ruby-2.4.1@global/gems/actionpack-5.0.1/lib/action_dispatch/middleware/templates/rescues/_trace.html.erb
  Rendered /Users/dorji/.rvm/gems/ruby-2.4.1@global/gems/actionpack-5.0.1/lib/action_dispatch/middleware/templates/rescues/_trace.html.erb (8.4ms)
  Rendering /Users/dorji/.rvm/gems/ruby-2.4.1@global/gems/actionpack-5.0.1/lib/action_dispatch/middleware/templates/rescues/_request_and_response.html.erb
  Rendered /Users/dorji/.rvm/gems/ruby-2.4.1@global/gems/actionpack-5.0.1/lib/action_dispatch/middleware/templates/rescues/_request_and_response.html.erb (1.7ms)
  Rendered /Users/dorji/.rvm/gems/ruby-2.4.1@global/gems/actionpack-5.0.1/lib/action_dispatch/middleware/templates/rescues/diagnostics.html.erb within rescues/layout (119.9ms)
Started GET "/" for ::1 at 2017-09-05 18:49:18 -0400
  [1m[36mActiveRecord::SchemaMigration Load (1.5ms)[0m  [1m[34mSELECT "schema_migrations".* FROM "schema_migrations"[0m
Processing by HomesController#index as HTML
  [1m[36mDocument Load (2.0ms)[0m  [1m[34mSELECT  "documents".* FROM "documents" LIMIT $1 OFFSET $2[0m  [["LIMIT", 10], ["OFFSET", 0]]
  Rendering homes/index.html.erb within layouts/application
  Rendered shared/_details.html.erb (0.3ms)
  Rendered homes/index.html.erb within layouts/application (2.6ms)
  Rendered layouts/_head.html.erb (6081.4ms)
  Rendered layouts/_preloader.html.erb (2.2ms)
  Rendered layouts/_header.html.erb (10.2ms)
  Rendered layouts/_footer.html.erb (0.6ms)
Completed 200 OK in 6340ms (Views: 6310.4ms | ActiveRecord: 3.4ms)


Started GET "/homes" for ::1 at 2017-09-05 18:49:34 -0400
Processing by HomesController#index as HTML
  [1m[36mDocument Load (0.7ms)[0m  [1m[34mSELECT  "documents".* FROM "documents" LIMIT $1 OFFSET $2[0m  [["LIMIT", 10], ["OFFSET", 0]]
  Rendering homes/index.html.erb within layouts/application
  Rendered shared/_details.html.erb (0.4ms)
  Rendered homes/index.html.erb within layouts/application (2.3ms)
  Rendered layouts/_head.html.erb (1.7ms)
  Rendered layouts/_preloader.html.erb (1.5ms)
  Rendered layouts/_header.html.erb (9.5ms)
  Rendered layouts/_footer.html.erb (0.8ms)
Completed 200 OK in 90ms (Views: 86.6ms | ActiveRecord: 0.7ms)


Started GET "/abouts" for ::1 at 2017-09-05 18:49:38 -0400
Processing by AboutsController#index as HTML
  [1m[36mDocument Load (0.3ms)[0m  [1m[34mSELECT  "documents".* FROM "documents" LIMIT $1 OFFSET $2[0m  [["LIMIT", 10], ["OFFSET", 0]]
  Rendering abouts/index.html.erb within layouts/application
  Rendered abouts/index.html.erb within layouts/application (0.7ms)
  Rendered layouts/_head.html.erb (2.8ms)
  Rendered layouts/_preloader.html.erb (1.3ms)
  Rendered layouts/_header.html.erb (5.3ms)
  Rendered layouts/_footer.html.erb (0.7ms)
Completed 200 OK in 73ms (Views: 69.6ms | ActiveRecord: 0.3ms)


Started GET "/homes" for ::1 at 2017-09-05 18:50:09 -0400
Processing by HomesController#index as HTML
  [1m[36mDocument Load (0.8ms)[0m  [1m[34mSELECT  "documents".* FROM "documents" LIMIT $1 OFFSET $2[0m  [["LIMIT", 10], ["OFFSET", 0]]
  Rendering homes/index.html.erb within layouts/application
  Rendered shared/_details.html.erb (0.3ms)
  Rendered homes/index.html.erb within layouts/application (2.3ms)
  Rendered layouts/_head.html.erb (1.4ms)
  Rendered layouts/_preloader.html.erb (1.6ms)
  Rendered layouts/_header.html.erb (8.9ms)
  Rendered layouts/_footer.html.erb (0.9ms)
Completed 200 OK in 99ms (Views: 95.1ms | ActiveRecord: 0.8ms)


Started GET "/users/sign_in" for ::1 at 2017-09-05 18:51:07 -0400
Processing by Devise::SessionsController#new as HTML
  Rendering users/sessions/new.html.erb within layouts/application
  Rendered layouts/_error.html.erb (0.6ms)
  Rendered users/shared/_links.html.erb (2.3ms)
  Rendered users/sessions/new.html.erb within layouts/application (502.5ms)
  Rendered layouts/_head.html.erb (2.7ms)
  Rendered layouts/_preloader.html.erb (1.5ms)
  Rendered layouts/_header.html.erb (10.0ms)
  Rendered layouts/_footer.html.erb (0.6ms)
Completed 200 OK in 672ms (Views: 649.1ms | ActiveRecord: 9.8ms)


Started POST "/users/sign_in" for ::1 at 2017-09-05 18:51:17 -0400
Processing by Devise::SessionsController#create as HTML
  Parameters: {"utf8"=>"✓", "authenticity_token"=>"FUVW30Yu2e5+SHw97NOfI3tqjD17bYvkb2Lw1yyLbDRMPuIzAqFxRYHRGSB/GdZ0U6EGIIOHr/P0QDzJX3uNzw==", "user"=>{"email"=>"", "password"=>"[FILTERED]", "remember_me"=>"0"}, "commit"=>"SIGN IN"}
Completed 401 Unauthorized in 1ms (ActiveRecord: 0.0ms)


Processing by Devise::SessionsController#new as HTML
  Parameters: {"utf8"=>"✓", "authenticity_token"=>"FUVW30Yu2e5+SHw97NOfI3tqjD17bYvkb2Lw1yyLbDRMPuIzAqFxRYHRGSB/GdZ0U6EGIIOHr/P0QDzJX3uNzw==", "user"=>{"email"=>"", "password"=>"[FILTERED]", "remember_me"=>"0"}, "commit"=>"SIGN IN"}
  Rendering users/sessions/new.html.erb within layouts/application
  Rendered layouts/_error.html.erb (0.4ms)
  Rendered users/shared/_links.html.erb (1.3ms)
  Rendered users/sessions/new.html.erb within layouts/application (8.6ms)
  Rendered layouts/_head.html.erb (2.7ms)
  Rendered layouts/_preloader.html.erb (2.0ms)
  Rendered layouts/_header.html.erb (6.9ms)
  Rendered layouts/_footer.html.erb (0.9ms)
Completed 200 OK in 103ms (Views: 101.5ms | ActiveRecord: 0.0ms)


Started GET "/galleries" for ::1 at 2017-09-05 18:51:28 -0400
Processing by GalleriesController#index as HTML
  [1m[36mDocument Load (0.5ms)[0m  [1m[34mSELECT  "documents".* FROM "documents" LIMIT $1 OFFSET $2[0m  [["LIMIT", 10], ["OFFSET", 0]]
  [1m[36mGallery Load (0.9ms)[0m  [1m[34mSELECT "galleries".* FROM "galleries"[0m
  Rendering galleries/index.html.erb within layouts/application
  Rendered galleries/index.html.erb within layouts/application (1.6ms)
  Rendered layouts/_head.html.erb (3.0ms)
  Rendered layouts/_preloader.html.erb (1.7ms)
  Rendered layouts/_header.html.erb (10.2ms)
  Rendered layouts/_footer.html.erb (1.0ms)
Completed 200 OK in 134ms (Views: 112.1ms | ActiveRecord: 4.9ms)


Started GET "/homes" for ::1 at 2017-09-05 18:52:27 -0400
Processing by HomesController#index as HTML
  [1m[36mDocument Load (0.4ms)[0m  [1m[34mSELECT  "documents".* FROM "documents" LIMIT $1 OFFSET $2[0m  [["LIMIT", 10], ["OFFSET", 0]]
  Rendering homes/index.html.erb within layouts/application
  Rendered shared/_details.html.erb (0.3ms)
  Rendered homes/index.html.erb within layouts/application (2.8ms)
  Rendered layouts/_head.html.erb (2.2ms)
  Rendered layouts/_preloader.html.erb (1.5ms)
  Rendered layouts/_header.html.erb (9.8ms)
  Rendered layouts/_footer.html.erb (1.0ms)
Completed 200 OK in 99ms (Views: 95.0ms | ActiveRecord: 0.4ms)


Started GET "/" for ::1 at 2017-09-05 18:58:14 -0400
Processing by HomesController#index as HTML
  [1m[36mDocument Load (0.3ms)[0m  [1m[34mSELECT  "documents".* FROM "documents" LIMIT $1 OFFSET $2[0m  [["LIMIT", 10], ["OFFSET", 0]]
  Rendering homes/index.html.erb within layouts/application
  Rendered shared/_details.html.erb (1.1ms)
  Rendered homes/index.html.erb within layouts/application (6.2ms)
  Rendered layouts/_head.html.erb (1.8ms)
  Rendered layouts/_preloader.html.erb (1.1ms)
  Rendered layouts/_header.html.erb (7.4ms)
  Rendered layouts/_footer.html.erb (1.2ms)
Completed 200 OK in 78ms (Views: 75.3ms | ActiveRecord: 0.3ms)


Started GET "/homes" for ::1 at 2017-09-05 19:03:57 -0400
Processing by HomesController#index as HTML
  [1m[36mDocument Load (0.3ms)[0m  [1m[34mSELECT  "documents".* FROM "documents" LIMIT $1 OFFSET $2[0m  [["LIMIT", 10], ["OFFSET", 0]]
  Rendering homes/index.html.erb within layouts/application
  Rendered shared/_details.html.erb (0.3ms)
  Rendered homes/index.html.erb within layouts/application (2.7ms)
  Rendered layouts/_head.html.erb (1.3ms)
  Rendered layouts/_preloader.html.erb (1.9ms)
  Rendered layouts/_header.html.erb (11.0ms)
  Rendered layouts/_footer.html.erb (1.3ms)
Completed 200 OK in 92ms (Views: 88.5ms | ActiveRecord: 0.3ms)


Started GET "/" for ::1 at 2017-09-05 19:04:25 -0400
Processing by HomesController#index as HTML
  [1m[36mDocument Load (0.3ms)[0m  [1m[34mSELECT  "documents".* FROM "documents" LIMIT $1 OFFSET $2[0m  [["LIMIT", 10], ["OFFSET", 0]]
  Rendering homes/index.html.erb within layouts/application
  Rendered shared/_details.html.erb (0.3ms)
  Rendered homes/index.html.erb within layouts/application (3.2ms)
  Rendered layouts/_head.html.erb (1.4ms)
  Rendered layouts/_preloader.html.erb (2.1ms)
  Rendered layouts/_header.html.erb (11.3ms)
  Rendered layouts/_footer.html.erb (0.8ms)
Completed 200 OK in 85ms (Views: 81.7ms | ActiveRecord: 0.3ms)


Started GET "/homes" for ::1 at 2017-09-05 19:05:03 -0400
Processing by HomesController#index as HTML
  [1m[36mDocument Load (0.4ms)[0m  [1m[34mSELECT  "documents".* FROM "documents" LIMIT $1 OFFSET $2[0m  [["LIMIT", 10], ["OFFSET", 0]]
  Rendering homes/index.html.erb within layouts/application
  Rendered shared/_details.html.erb (0.3ms)
  Rendered homes/index.html.erb within layouts/application (2.6ms)
  Rendered layouts/_head.html.erb (1.4ms)
  Rendered layouts/_preloader.html.erb (1.9ms)
  Rendered layouts/_header.html.erb (10.0ms)
  Rendered layouts/_footer.html.erb (1.0ms)
Completed 200 OK in 82ms (Views: 79.1ms | ActiveRecord: 0.4ms)


Started GET "/homes" for ::1 at 2017-09-05 19:06:13 -0400
Processing by HomesController#index as HTML
  [1m[36mDocument Load (0.8ms)[0m  [1m[34mSELECT  "documents".* FROM "documents" LIMIT $1 OFFSET $2[0m  [["LIMIT", 10], ["OFFSET", 0]]
  Rendering homes/index.html.erb within layouts/application
  Rendered shared/_details.html.erb (0.4ms)
  Rendered homes/index.html.erb within layouts/application (2.8ms)
  Rendered layouts/_head.html.erb (1.3ms)
  Rendered layouts/_preloader.html.erb (2.0ms)
  Rendered layouts/_header.html.erb (20.2ms)
  Rendered layouts/_footer.html.erb (1.0ms)
Completed 200 OK in 90ms (Views: 87.0ms | ActiveRecord: 0.8ms)


